c:\projectnx\n0xpedumper\pedumper\pedumper\release\vc141.pdb
c:\projectnx\n0xpedumper\pedumper\pedumper\release\watchercloser.obj
c:\projectnx\n0xpedumper\pedumper\pedumper\release\s覺mp.obj
c:\projectnx\n0xpedumper\pedumper\pedumper\release\pedumper.obj
c:\projectnx\n0xpedumper\pedumper\pedumper\release\n0xdumper.obj
c:\projectnx\n0xpedumper\pedumper\pedumper\release\modulel覺st.obj
c:\projectnx\n0xpedumper\pedumper\pedumper\release\kanca.obj
c:\projectnx\n0xpedumper\pedumper\pedumper\release\覺mportspe.obj
c:\projectnx\n0xpedumper\pedumper\pedumper\release\hesh.obj
c:\projectnx\n0xpedumper\pedumper\pedumper\release\headerpe.obj
c:\projectnx\n0xpedumper\pedumper\pedumper\release\hdatabasepe.obj
c:\projectnx\n0xpedumper\pedumper\pedumper\release\exportspe.obj
c:\projectnx\n0xpedumper\pedumper\pedumper\release\exportsl覺st.obj
c:\projectnx\n0xpedumper\pedumper\pedumper\release\exportslist.obj
c:\projectnx\n0xpedumper\pedumper\pedumper\release\importspe.obj
c:\projectnx\n0xpedumper\pedumper\pedumper\release\modulelist.obj
c:\projectnx\n0xpedumper\pedumper\pedumper\release\simp.obj
c:\projectnx\n0xpedumper\pedumper\pedumper\release\pedumper.tlog\cl.command.1.tlog
c:\projectnx\n0xpedumper\pedumper\pedumper\release\pedumper.tlog\cl.read.1.tlog
c:\projectnx\n0xpedumper\pedumper\pedumper\release\pedumper.tlog\cl.write.1.tlog
c:\projectnx\n0xpedumper\pedumper\pedumper\release\pedumper.tlog\link.command.1.tlog
c:\projectnx\n0xpedumper\pedumper\pedumper\release\pedumper.tlog\link.read.1.tlog
c:\projectnx\n0xpedumper\pedumper\pedumper\release\pedumper.tlog\link.write.1.tlog
